# JRE version: OpenJDK Runtime Environment Temurin-21.0.9+10 (21.0.9+10) (build 21.0.9+10-LTS)
# Java VM: OpenJDK 64-Bit Server VM Temurin-21.0.9+10 (21.0.9+10-LTS, mixed mode, sharing, tiered, compressed oops, compressed class ptrs, parallel gc, windows-amd64)
GC Precious Log:
 CardTable entry size: 512
 CPUs: 12 total, 12 available
 Memory: 7929M
 Large Page Support: Disabled
 NUMA Support: Disabled
 Compressed Oops: Enabled (32-bit)
 Alignments: Space 512K, Generation 512K, Heap 2M
 Heap Min Capacity: 100M
 Heap Initial Capacity: 100M
 Heap Max Capacity: 2G
 Pre-touch: Disabled
 Parallel Workers: 10
Heap:
 PSYoungGen      total 8192K, used 5350K [0x00000000d5580000, 0x00000000d6180000, 0x0000000100000000)
  eden space 7168K, 61% used [0x00000000d5580000,0x00000000d59cd928,0x00000000d5c80000)
  from space 1024K, 92% used [0x00000000d6080000,0x00000000d616c010,0x00000000d6180000)
  to   space 1536K, 0% used [0x00000000d5e80000,0x00000000d5e80000,0x00000000d6000000)
 ParOldGen       total 1354240K, used 1354167K [0x0000000080000000, 0x00000000d2a80000, 0x00000000d5580000)
  object space 1354240K, 99% used [0x0000000080000000,0x00000000d2a6dd20,0x00000000d2a80000)
 Metaspace       used 99413K, committed 101056K, reserved 1179648K
  class space    used 9959K, committed 10752K, reserved 1048576K
GC Heap History (20 events):
Event: 4612.065 GC heap before
{Heap before GC invocations=4888 (full 11):
 PSYoungGen      total 7168K, used 7019K [0x00000000d5580000, 0x00000000d6080000, 0x0000000100000000)
  eden space 4096K, 100% used [0x00000000d5580000,0x00000000d5980000,0x00000000d5980000)
  from space 3072K, 95% used [0x00000000d5d80000,0x00000000d605acc8,0x00000000d6080000)
  to   space 3584K, 0% used [0x00000000d5980000,0x00000000d5980000,0x00000000d5d00000)
 ParOldGen       total 1308160K, used 1307797K [0x0000000080000000, 0x00000000cfd80000, 0x00000000d5580000)
  object space 1308160K, 99% used [0x0000000080000000,0x00000000cfd25578,0x00000000cfd80000)
 Metaspace       used 99294K, committed 100928K, reserved 1179648K
  class space    used 9943K, committed 10688K, reserved 1048576K
}
Event: 4612.067 GC heap after
{Heap after GC invocations=4888 (full 11):
 PSYoungGen      total 7680K, used 2615K [0x00000000d5580000, 0x00000000d6080000, 0x0000000100000000)
  eden space 4096K, 0% used [0x00000000d5580000,0x00000000d5580000,0x00000000d5980000)
  from space 3584K, 72% used [0x00000000d5980000,0x00000000d5c0de58,0x00000000d5d00000)
  to   space 3072K, 0% used [0x00000000d5d80000,0x00000000d5d80000,0x00000000d6080000)
 ParOldGen       total 1310720K, used 1310327K [0x0000000080000000, 0x00000000d0000000, 0x00000000d5580000)
  object space 1310720K, 99% used [0x0000000080000000,0x00000000cff9de08,0x00000000d0000000)
 Metaspace       used 99294K, committed 100928K, reserved 1179648K
  class space    used 9943K, committed 10688K, reserved 1048576K
}
Event: 4612.101 GC heap before
{Heap before GC invocations=4889 (full 11):
 PSYoungGen      total 7680K, used 6613K [0x00000000d5580000, 0x00000000d6080000, 0x0000000100000000)
  eden space 4096K, 97% used [0x00000000d5580000,0x00000000d5967628,0x00000000d5980000)
  from space 3584K, 72% used [0x00000000d5980000,0x00000000d5c0de58,0x00000000d5d00000)
  to   space 3072K, 0% used [0x00000000d5d80000,0x00000000d5d80000,0x00000000d6080000)
 ParOldGen       total 1342464K, used 1341047K [0x0000000080000000, 0x00000000d1f00000, 0x00000000d5580000)
  object space 1342464K, 99% used [0x0000000080000000,0x00000000d1d9de38,0x00000000d1f00000)
 Metaspace       used 99294K, committed 100928K, reserved 1179648K
  class space    used 9943K, committed 10688K, reserved 1048576K
}
Event: 4612.104 GC heap after
{Heap after GC invocations=4889 (full 11):
 PSYoungGen      total 6656K, used 1446K [0x00000000d5580000, 0x00000000d5f00000, 0x0000000100000000)
  eden space 5120K, 0% used [0x00000000d5580000,0x00000000d5580000,0x00000000d5a80000)
  from space 1536K, 94% used [0x00000000d5d80000,0x00000000d5ee9a50,0x00000000d5f00000)
  to   space 2048K, 0% used [0x00000000d5b00000,0x00000000d5b00000,0x00000000d5d00000)
 ParOldGen       total 1342976K, used 1342855K [0x0000000080000000, 0x00000000d1f80000, 0x00000000d5580000)
  object space 1342976K, 99% used [0x0000000080000000,0x00000000d1f61e38,0x00000000d1f80000)
 Metaspace       used 99294K, committed 100928K, reserved 1179648K
  class space    used 9943K, committed 10688K, reserved 1048576K
}
Event: 4612.113 GC heap before
{Heap before GC invocations=4890 (full 11):
 PSYoungGen      total 6656K, used 6483K [0x00000000d5580000, 0x00000000d5f00000, 0x0000000100000000)
  eden space 5120K, 98% used [0x00000000d5580000,0x00000000d5a6b260,0x00000000d5a80000)
  from space 1536K, 94% used [0x00000000d5d80000,0x00000000d5ee9a50,0x00000000d5f00000)
  to   space 2048K, 0% used [0x00000000d5b00000,0x00000000d5b00000,0x00000000d5d00000)
 ParOldGen       total 1342976K, used 1342855K [0x0000000080000000, 0x00000000d1f80000, 0x00000000d5580000)
  object space 1342976K, 99% used [0x0000000080000000,0x00000000d1f61e38,0x00000000d1f80000)
 Metaspace       used 99294K, committed 100928K, reserved 1179648K
  class space    used 9943K, committed 10688K, reserved 1048576K
}
Event: 4612.115 GC heap after
{Heap after GC invocations=4890 (full 11):
 PSYoungGen      total 7680K, used 2047K [0x00000000d5580000, 0x00000000d6680000, 0x0000000100000000)
  eden space 5632K, 0% used [0x00000000d5580000,0x00000000d5580000,0x00000000d5b00000)
  from space 2048K, 99% used [0x00000000d5b00000,0x00000000d5cffe78,0x00000000d5d00000)
  to   space 5632K, 0% used [0x00000000d6100000,0x00000000d6100000,0x00000000d6680000)
 ParOldGen       total 1345536K, used 1345512K [0x0000000080000000, 0x00000000d2200000, 0x00000000d5580000)
  object space 1345536K, 99% used [0x0000000080000000,0x00000000d21fa1d8,0x00000000d2200000)
 Metaspace       used 99294K, committed 100928K, reserved 1179648K
  class space    used 9943K, committed 10688K, reserved 1048576K
}
Event: 4612.126 GC heap before
{Heap before GC invocations=4891 (full 11):
 PSYoungGen      total 7680K, used 7679K [0x00000000d5580000, 0x00000000d6680000, 0x0000000100000000)
  eden space 5632K, 100% used [0x00000000d5580000,0x00000000d5b00000,0x00000000d5b00000)
  from space 2048K, 99% used [0x00000000d5b00000,0x00000000d5cffe78,0x00000000d5d00000)
  to   space 5632K, 0% used [0x00000000d6100000,0x00000000d6100000,0x00000000d6680000)
 ParOldGen       total 1345536K, used 1345512K [0x0000000080000000, 0x00000000d2200000, 0x00000000d5580000)
  object space 1345536K, 99% used [0x0000000080000000,0x00000000d21fa1d8,0x00000000d2200000)
 Metaspace       used 99294K, committed 100928K, reserved 1179648K
  class space    used 9943K, committed 10688K, reserved 1048576K
}
Event: 4612.129 GC heap after
{Heap after GC invocations=4891 (full 11):
 PSYoungGen      total 10752K, used 3687K [0x00000000d5580000, 0x00000000d6500000, 0x0000000100000000)
  eden space 6656K, 0% used [0x00000000d5580000,0x00000000d5580000,0x00000000d5c00000)
  from space 4096K, 90% used [0x00000000d6100000,0x00000000d6499e28,0x00000000d6500000)
  to   space 4096K, 0% used [0x00000000d5d00000,0x00000000d5d00000,0x00000000d6100000)
 ParOldGen       total 1347584K, used 1347545K [0x0000000080000000, 0x00000000d2400000, 0x00000000d5580000)
  object space 1347584K, 99% used [0x0000000080000000,0x00000000d23f66d0,0x00000000d2400000)
 Metaspace       used 99294K, committed 100928K, reserved 1179648K
  class space    used 9943K, committed 10688K, reserved 1048576K
}
Event: 4612.623 GC heap before
{Heap before GC invocations=4892 (full 11):
 PSYoungGen      total 10752K, used 10343K [0x00000000d5580000, 0x00000000d6500000, 0x0000000100000000)
  eden space 6656K, 100% used [0x00000000d5580000,0x00000000d5c00000,0x00000000d5c00000)
  from space 4096K, 90% used [0x00000000d6100000,0x00000000d6499e28,0x00000000d6500000)
  to   space 4096K, 0% used [0x00000000d5d00000,0x00000000d5d00000,0x00000000d6100000)
 ParOldGen       total 1347584K, used 1347545K [0x0000000080000000, 0x00000000d2400000, 0x00000000d5580000)
  object space 1347584K, 99% used [0x0000000080000000,0x00000000d23f66d0,0x00000000d2400000)
 Metaspace       used 99294K, committed 100928K, reserved 1179648K
  class space    used 9943K, committed 10688K, reserved 1048576K
}
Event: 4612.626 GC heap after
{Heap after GC invocations=4892 (full 11):
 PSYoungGen      total 8704K, used 660K [0x00000000d5580000, 0x00000000d6180000, 0x0000000100000000)
  eden space 7680K, 0% used [0x00000000d5580000,0x00000000d5580000,0x00000000d5d00000)
  from space 1024K, 64% used [0x00000000d5d00000,0x00000000d5da5200,0x00000000d5e00000)
  to   space 2048K, 0% used [0x00000000d5f80000,0x00000000d5f80000,0x00000000d6180000)
 ParOldGen       total 1348608K, used 1348401K [0x0000000080000000, 0x00000000d2500000, 0x00000000d5580000)
  object space 1348608K, 99% used [0x0000000080000000,0x00000000d24cc6e0,0x00000000d2500000)
 Metaspace       used 99294K, committed 100928K, reserved 1179648K
  class space    used 9943K, committed 10688K, reserved 1048576K
}
Event: 4612.641 GC heap before
{Heap before GC invocations=4893 (full 11):
 PSYoungGen      total 8704K, used 8340K [0x00000000d5580000, 0x00000000d6180000, 0x0000000100000000)
  eden space 7680K, 100% used [0x00000000d5580000,0x00000000d5d00000,0x00000000d5d00000)
  from space 1024K, 64% used [0x00000000d5d00000,0x00000000d5da5200,0x00000000d5e00000)
  to   space 2048K, 0% used [0x00000000d5f80000,0x00000000d5f80000,0x00000000d6180000)
 ParOldGen       total 1348608K, used 1348401K [0x0000000080000000, 0x00000000d2500000, 0x00000000d5580000)
  object space 1348608K, 99% used [0x0000000080000000,0x00000000d24cc6e0,0x00000000d2500000)
 Metaspace       used 99294K, committed 100928K, reserved 1179648K
  class space    used 9943K, committed 10688K, reserved 1048576K
}
Event: 4612.644 GC heap after
{Heap after GC invocations=4893 (full 11):
 PSYoungGen      total 9216K, used 282K [0x00000000d5580000, 0x00000000d6000000, 0x0000000100000000)
  eden space 8704K, 0% used [0x00000000d5580000,0x00000000d5580000,0x00000000d5e00000)
  from space 512K, 55% used [0x00000000d5f80000,0x00000000d5fc6900,0x00000000d6000000)
  to   space 1024K, 0% used [0x00000000d5e00000,0x00000000d5e00000,0x00000000d5f00000)
 ParOldGen       total 1349120K, used 1348877K [0x0000000080000000, 0x00000000d2580000, 0x00000000d5580000)
  object space 1349120K, 99% used [0x0000000080000000,0x00000000d2543710,0x00000000d2580000)
 Metaspace       used 99294K, committed 100928K, reserved 1179648K
  class space    used 9943K, committed 10688K, reserved 1048576K
}
Event: 4612.652 GC heap before
{Heap before GC invocations=4894 (full 11):
 PSYoungGen      total 9216K, used 8986K [0x00000000d5580000, 0x00000000d6000000, 0x0000000100000000)
  eden space 8704K, 100% used [0x00000000d5580000,0x00000000d5e00000,0x00000000d5e00000)
  from space 512K, 55% used [0x00000000d5f80000,0x00000000d5fc6900,0x00000000d6000000)
  to   space 1024K, 0% used [0x00000000d5e00000,0x00000000d5e00000,0x00000000d5f00000)
 ParOldGen       total 1349120K, used 1348877K [0x0000000080000000, 0x00000000d2580000, 0x00000000d5580000)
  object space 1349120K, 99% used [0x0000000080000000,0x00000000d2543710,0x00000000d2580000)
 Metaspace       used 99294K, committed 100928K, reserved 1179648K
  class space    used 9943K, committed 10688K, reserved 1048576K
}
Event: 4612.655 GC heap after
{Heap after GC invocations=4894 (full 11):
 PSYoungGen      total 9728K, used 995K [0x00000000d5580000, 0x00000000d6680000, 0x0000000100000000)
  eden space 8704K, 0% used [0x00000000d5580000,0x00000000d5580000,0x00000000d5e00000)
  from space 1024K, 97% used [0x00000000d5e00000,0x00000000d5ef8f30,0x00000000d5f00000)
  to   space 3584K, 0% used [0x00000000d6300000,0x00000000d6300000,0x00000000d6680000)
 ParOldGen       total 1351168K, used 1350690K [0x0000000080000000, 0x00000000d2780000, 0x00000000d5580000)
  object space 1351168K, 99% used [0x0000000080000000,0x00000000d2708b40,0x00000000d2780000)
 Metaspace       used 99294K, committed 100928K, reserved 1179648K
  class space    used 9943K, committed 10688K, reserved 1048576K
}
Event: 4612.679 GC heap before
{Heap before GC invocations=4895 (full 11):
 PSYoungGen      total 9728K, used 9699K [0x00000000d5580000, 0x00000000d6680000, 0x0000000100000000)
  eden space 8704K, 100% used [0x00000000d5580000,0x00000000d5e00000,0x00000000d5e00000)
  from space 1024K, 97% used [0x00000000d5e00000,0x00000000d5ef8f30,0x00000000d5f00000)
  to   space 3584K, 0% used [0x00000000d6300000,0x00000000d6300000,0x00000000d6680000)
 ParOldGen       total 1351168K, used 1350690K [0x0000000080000000, 0x00000000d2780000, 0x00000000d5580000)
  object space 1351168K, 99% used [0x0000000080000000,0x00000000d2708b40,0x00000000d2780000)
 Metaspace       used 99294K, committed 100928K, reserved 1179648K
  class space    used 9943K, committed 10688K, reserved 1048576K
}
Event: 4612.682 GC heap after
{Heap after GC invocations=4895 (full 11):
 PSYoungGen      total 9728K, used 3582K [0x00000000d5580000, 0x00000000d6e80000, 0x0000000100000000)
  eden space 6144K, 0% used [0x00000000d5580000,0x00000000d5580000,0x00000000d5b80000)
  from space 3584K, 99% used [0x00000000d6300000,0x00000000d667fbf0,0x00000000d6680000)
  to   space 7680K, 0% used [0x00000000d5b80000,0x00000000d5b80000,0x00000000d6300000)
 ParOldGen       total 1354240K, used 1353831K [0x0000000080000000, 0x00000000d2a80000, 0x00000000d5580000)
  object space 1354240K, 99% used [0x0000000080000000,0x00000000d2a19d20,0x00000000d2a80000)
 Metaspace       used 99294K, committed 100928K, reserved 1179648K
  class space    used 9943K, committed 10688K, reserved 1048576K
}
Event: 4790.411 GC heap before
{Heap before GC invocations=4896 (full 11):
 PSYoungGen      total 9728K, used 9726K [0x00000000d5580000, 0x00000000d6e80000, 0x0000000100000000)
  eden space 6144K, 100% used [0x00000000d5580000,0x00000000d5b80000,0x00000000d5b80000)
  from space 3584K, 99% used [0x00000000d6300000,0x00000000d667fbf0,0x00000000d6680000)
  to   space 7680K, 0% used [0x00000000d5b80000,0x00000000d5b80000,0x00000000d6300000)
 ParOldGen       total 1354240K, used 1353831K [0x0000000080000000, 0x00000000d2a80000, 0x00000000d5580000)
  object space 1354240K, 99% used [0x0000000080000000,0x00000000d2a19d20,0x00000000d2a80000)
 Metaspace       used 99321K, committed 100928K, reserved 1179648K
  class space    used 9947K, committed 10688K, reserved 1048576K
}
Event: 4790.444 GC heap after
{Heap after GC invocations=4896 (full 11):
 PSYoungGen      total 7168K, used 688K [0x00000000d5580000, 0x00000000d6380000, 0x0000000100000000)
  eden space 6144K, 0% used [0x00000000d5580000,0x00000000d5580000,0x00000000d5b80000)
  from space 1024K, 67% used [0x00000000d5b80000,0x00000000d5c2c010,0x00000000d5c80000)
  to   space 3072K, 0% used [0x00000000d6080000,0x00000000d6080000,0x00000000d6380000)
 ParOldGen       total 1354240K, used 1354167K [0x0000000080000000, 0x00000000d2a80000, 0x00000000d5580000)
  object space 1354240K, 99% used [0x0000000080000000,0x00000000d2a6dd20,0x00000000d2a80000)
 Metaspace       used 99321K, committed 100928K, reserved 1179648K
  class space    used 9947K, committed 10688K, reserved 1048576K
}
Event: 5820.326 GC heap before
{Heap before GC invocations=4897 (full 11):
 PSYoungGen      total 7168K, used 6832K [0x00000000d5580000, 0x00000000d6380000, 0x0000000100000000)
  eden space 6144K, 100% used [0x00000000d5580000,0x00000000d5b80000,0x00000000d5b80000)
  from space 1024K, 67% used [0x00000000d5b80000,0x00000000d5c2c010,0x00000000d5c80000)
  to   space 3072K, 0% used [0x00000000d6080000,0x00000000d6080000,0x00000000d6380000)
 ParOldGen       total 1354240K, used 1354167K [0x0000000080000000, 0x00000000d2a80000, 0x00000000d5580000)
  object space 1354240K, 99% used [0x0000000080000000,0x00000000d2a6dd20,0x00000000d2a80000)
 Metaspace       used 99401K, committed 101056K, reserved 1179648K
  class space    used 9959K, committed 10752K, reserved 1048576K
}
Event: 5820.342 GC heap after
{Heap after GC invocations=4897 (full 11):
 PSYoungGen      total 8192K, used 944K [0x00000000d5580000, 0x00000000d6180000, 0x0000000100000000)
  eden space 7168K, 0% used [0x00000000d5580000,0x00000000d5580000,0x00000000d5c80000)
  from space 1024K, 92% used [0x00000000d6080000,0x00000000d616c010,0x00000000d6180000)
  to   space 1536K, 0% used [0x00000000d5e80000,0x00000000d5e80000,0x00000000d6000000)
 ParOldGen       total 1354240K, used 1354167K [0x0000000080000000, 0x00000000d2a80000, 0x00000000d5580000)
  object space 1354240K, 99% used [0x0000000080000000,0x00000000d2a6dd20,0x00000000d2a80000)
 Metaspace       used 99401K, committed 101056K, reserved 1179648K
  class space    used 9959K, committed 10752K, reserved 1048576K
}

