# JRE version: OpenJDK Runtime Environment Temurin-21.0.9+10 (21.0.9+10) (build 21.0.9+10-LTS)
# Java VM: OpenJDK 64-Bit Server VM Temurin-21.0.9+10 (21.0.9+10-LTS, mixed mode, sharing, tiered, compressed oops, compressed class ptrs, g1 gc, windows-amd64)
GC Precious Log:
 CardTable entry size: 512
 Card Set container configuration: InlinePtr #cards 5 size 8 Array Of Cards #cards 12 size 40 Howl #buckets 4 coarsen threshold 1843 Howl Bitmap #cards 512 size 80 coarsen threshold 460 Card regions per heap region 1 cards per card region 2048
 CPUs: 12 total, 12 available
 Memory: 7929M
 Large Page Support: Disabled
 NUMA Support: Disabled
 Compressed Oops: Enabled (32-bit)
 Heap Region Size: 1M
 Heap Min Capacity: 8M
 Heap Initial Capacity: 124M
 Heap Max Capacity: 1984M
 Pre-touch: Disabled
 Parallel Workers: 10
 Concurrent Workers: 3
 Concurrent Refinement Workers: 10
 Periodic GC: Disabled
Heap:
 garbage-first heap   total 71680K, used 38762K [0x0000000084000000, 0x0000000100000000)
  region size 1024K, 5 young (5120K), 4 survivors (4096K)
 Metaspace       used 81705K, committed 82816K, reserved 1179648K
  class space    used 11289K, committed 11712K, reserved 1048576K
GC Heap History (20 events):
Event: 4.342 GC heap before
{Heap before GC invocations=10 (full 0):
 garbage-first heap   total 57344K, used 47559K [0x0000000084000000, 0x0000000100000000)
  region size 1024K, 27 young (27648K), 3 survivors (3072K)
 Metaspace       used 51548K, committed 52160K, reserved 1114112K
  class space    used 7139K, committed 7424K, reserved 1048576K
}
Event: 4.344 GC heap after
{Heap after GC invocations=11 (full 0):
 garbage-first heap   total 57344K, used 25919K [0x0000000084000000, 0x0000000100000000)
  region size 1024K, 4 young (4096K), 4 survivors (4096K)
 Metaspace       used 51548K, committed 52160K, reserved 1114112K
  class space    used 7139K, committed 7424K, reserved 1048576K
}
Event: 4.684 GC heap before
{Heap before GC invocations=11 (full 0):
 garbage-first heap   total 57344K, used 49471K [0x0000000084000000, 0x0000000100000000)
  region size 1024K, 27 young (27648K), 4 survivors (4096K)
 Metaspace       used 57099K, committed 57664K, reserved 1114112K
  class space    used 7755K, committed 8000K, reserved 1048576K
}
Event: 4.688 GC heap after
{Heap after GC invocations=12 (full 0):
 garbage-first heap   total 57344K, used 27762K [0x0000000084000000, 0x0000000100000000)
  region size 1024K, 2 young (2048K), 2 survivors (2048K)
 Metaspace       used 57099K, committed 57664K, reserved 1114112K
  class space    used 7755K, committed 8000K, reserved 1048576K
}
Event: 4.777 GC heap before
{Heap before GC invocations=12 (full 0):
 garbage-first heap   total 57344K, used 31858K [0x0000000084000000, 0x0000000100000000)
  region size 1024K, 8 young (8192K), 2 survivors (2048K)
 Metaspace       used 59577K, committed 60160K, reserved 1114112K
  class space    used 8169K, committed 8448K, reserved 1048576K
}
Event: 4.780 GC heap after
{Heap after GC invocations=13 (full 0):
 garbage-first heap   total 69632K, used 27727K [0x0000000084000000, 0x0000000100000000)
  region size 1024K, 2 young (2048K), 2 survivors (2048K)
 Metaspace       used 59577K, committed 60160K, reserved 1114112K
  class space    used 8169K, committed 8448K, reserved 1048576K
}
Event: 5.423 GC heap before
{Heap before GC invocations=14 (full 0):
 garbage-first heap   total 69632K, used 60495K [0x0000000084000000, 0x0000000100000000)
  region size 1024K, 35 young (35840K), 2 survivors (2048K)
 Metaspace       used 67545K, committed 68224K, reserved 1114112K
  class space    used 9397K, committed 9664K, reserved 1048576K
}
Event: 5.426 GC heap after
{Heap after GC invocations=15 (full 0):
 garbage-first heap   total 69632K, used 29706K [0x0000000084000000, 0x0000000100000000)
  region size 1024K, 4 young (4096K), 4 survivors (4096K)
 Metaspace       used 67545K, committed 68224K, reserved 1114112K
  class space    used 9397K, committed 9664K, reserved 1048576K
}
Event: 5.945 GC heap before
{Heap before GC invocations=15 (full 0):
 garbage-first heap   total 69632K, used 61450K [0x0000000084000000, 0x0000000100000000)
  region size 1024K, 36 young (36864K), 4 survivors (4096K)
 Metaspace       used 72554K, committed 73280K, reserved 1114112K
  class space    used 10093K, committed 10432K, reserved 1048576K
}
Event: 5.950 GC heap after
{Heap after GC invocations=16 (full 0):
 garbage-first heap   total 70656K, used 32513K [0x0000000084000000, 0x0000000100000000)
  region size 1024K, 5 young (5120K), 5 survivors (5120K)
 Metaspace       used 72554K, committed 73280K, reserved 1114112K
  class space    used 10093K, committed 10432K, reserved 1048576K
}
Event: 6.573 GC heap before
{Heap before GC invocations=16 (full 0):
 garbage-first heap   total 70656K, used 63233K [0x0000000084000000, 0x0000000100000000)
  region size 1024K, 35 young (35840K), 5 survivors (5120K)
 Metaspace       used 76927K, committed 77696K, reserved 1179648K
  class space    used 10725K, committed 11072K, reserved 1048576K
}
Event: 6.579 GC heap after
{Heap after GC invocations=17 (full 0):
 garbage-first heap   total 71680K, used 35839K [0x0000000084000000, 0x0000000100000000)
  region size 1024K, 3 young (3072K), 3 survivors (3072K)
 Metaspace       used 76927K, committed 77696K, reserved 1179648K
  class space    used 10725K, committed 11072K, reserved 1048576K
}
Event: 365.696 GC heap before
{Heap before GC invocations=17 (full 0):
 garbage-first heap   total 71680K, used 64511K [0x0000000084000000, 0x0000000100000000)
  region size 1024K, 31 young (31744K), 3 survivors (3072K)
 Metaspace       used 77467K, committed 78208K, reserved 1179648K
  class space    used 10782K, committed 11136K, reserved 1048576K
}
Event: 365.732 GC heap after
{Heap after GC invocations=18 (full 0):
 garbage-first heap   total 71680K, used 36142K [0x0000000084000000, 0x0000000100000000)
  region size 1024K, 1 young (1024K), 1 survivors (1024K)
 Metaspace       used 77467K, committed 78208K, reserved 1179648K
  class space    used 10782K, committed 11136K, reserved 1048576K
}
Event: 814.353 GC heap before
{Heap before GC invocations=19 (full 0):
 garbage-first heap   total 71680K, used 64814K [0x0000000084000000, 0x0000000100000000)
  region size 1024K, 29 young (29696K), 1 survivors (1024K)
 Metaspace       used 77496K, committed 78272K, reserved 1179648K
  class space    used 10782K, committed 11136K, reserved 1048576K
}
Event: 814.362 GC heap after
{Heap after GC invocations=20 (full 0):
 garbage-first heap   total 71680K, used 35818K [0x0000000084000000, 0x0000000100000000)
  region size 1024K, 1 young (1024K), 1 survivors (1024K)
 Metaspace       used 77496K, committed 78272K, reserved 1179648K
  class space    used 10782K, committed 11136K, reserved 1048576K
}
Event: 2243.987 GC heap before
{Heap before GC invocations=20 (full 0):
 garbage-first heap   total 71680K, used 65514K [0x0000000084000000, 0x0000000100000000)
  region size 1024K, 30 young (30720K), 1 survivors (1024K)
 Metaspace       used 77623K, committed 78400K, reserved 1179648K
  class space    used 10787K, committed 11136K, reserved 1048576K
}
Event: 2244.016 GC heap after
{Heap after GC invocations=21 (full 0):
 garbage-first heap   total 71680K, used 35882K [0x0000000084000000, 0x0000000100000000)
  region size 1024K, 1 young (1024K), 1 survivors (1024K)
 Metaspace       used 77623K, committed 78400K, reserved 1179648K
  class space    used 10787K, committed 11136K, reserved 1048576K
}
Event: 2419.963 GC heap before
{Heap before GC invocations=21 (full 0):
 garbage-first heap   total 71680K, used 65578K [0x0000000084000000, 0x0000000100000000)
  region size 1024K, 31 young (31744K), 1 survivors (1024K)
 Metaspace       used 82016K, committed 82816K, reserved 1179648K
  class space    used 11375K, committed 11712K, reserved 1048576K
}
Event: 2420.039 GC heap after
{Heap after GC invocations=22 (full 0):
 garbage-first heap   total 71680K, used 38762K [0x0000000084000000, 0x0000000100000000)
  region size 1024K, 4 young (4096K), 4 survivors (4096K)
 Metaspace       used 82016K, committed 82816K, reserved 1179648K
  class space    used 11375K, committed 11712K, reserved 1048576K
}

